<?xml version="1.0" encoding="UTF-8"?>
<testsuite xmlns:xsi="http://www.w3.org/2001/XMLSchema-instance" xsi:noNamespaceSchemaLocation="https://maven.apache.org/surefire/maven-surefire-plugin/xsd/surefire-test-report.xsd" version="3.0.2" name="gov.fdic.tip.TipApplicationTests" time="3.678" tests="1" errors="0" skipped="0" failures="0">
  <properties>
[...]
</properties>
  <testcase name="contextLoads" classname="gov.fdic.tip.TipApplicationTests" time="1.516">
    <system-out><![CDATA[14:20:49.862 [main] INFO org.springframework.test.context.support.AnnotationConfigContextLoaderUtils -- Could not detect default configuration classes for test class [gov.fdic.tip.TipApplicationTests]: TipApplicationTests does not declare any static, non-private, non-final, nested classes annotated with @Configuration.
14:20:50.187 [main] INFO org.springframework.boot.test.context.SpringBootTestContextBootstrapper -- Found @SpringBootConfiguration gov.fdic.tip.TipApplication for test class gov.fdic.tip.TipApplicationTests

  .   ____          _            __ _ _
 /\\ / ___'_ __ _ _(_)_ __  __ _ \ \ \ \
( ( )\___ | '_ | '_| | '_ \/ _` | \ \ \ \
 \\/  ___)| |_)| | | | | || (_| |  ) ) ) )
  '  |____| .__|_| |_|_| |_\__, | / / / /
 =========|_|==============|___/=/_/_/_/

 :: Spring Boot ::                (v3.5.6)

2025-09-21T14:20:51.025-04:00  INFO 29688 --- [tip] [           main] gov.fdic.tip.TipApplicationTests         : Starting TipApplicationTests using Java 17.0.11 with PID 29688 (started by ravva in C:\Temp\tip)
2025-09-21T14:20:51.027-04:00  INFO 29688 --- [tip] [           main] gov.fdic.tip.TipApplicationTests         : No active profile set, falling back to 1 default profile: "default"
2025-09-21T14:20:51.723-04:00  INFO 29688 --- [tip] [           main] gov.fdic.tip.TipApplicationTests         : Started TipApplicationTests in 1.216 seconds (process running for 3.969)
]]></system-out>
  </testcase>
</testsuite>